<?xml version="1.0" encoding="UTF-8"?>
<!-- Generated by org.testng.reporters.JUnitReportReporter -->
<testsuite hostname="Terralogic" name="test.tc_01" tests="1" failures="0" timestamp="30 Mar 2017 03:36:36 GMT" time="37.465" errors="0">
  <testcase name="VerifyInvalidLogin_TC02" time="37.465" classname="test.tc_01"/>
</testsuite> <!-- test.tc_01 -->
